{
  "uid" : "31e5cbf82dea82d7",
  "name" : "test_failure",
  "fullName" : "02test_Allure2#test_failure",
  "historyId" : "9f9f0d3790b587ede96e0a1bbf7e2747",
  "time" : {
    "start" : 1638075101566,
    "stop" : 1638075101566,
    "duration" : 0
  },
  "description" : "this test fails",
  "descriptionHtml" : "<p>this test fails</p>\n",
  "status" : "failed",
  "statusMessage" : "AssertionError: assert False",
  "statusTrace" : "def test_failure():\n        \"\"\"this test fails\"\"\"\n>       assert False\nE       assert False\n\n02test_Allure2.py:15: AssertionError",
  "flaky" : false,
  "beforeStages" : [ ],
  "afterStages" : [ ],
  "labels" : [ {
    "name" : "suite",
    "value" : "02test_Allure2"
  }, {
    "name" : "host",
    "value" : "huixdeMacBook-Pro.local"
  }, {
    "name" : "thread",
    "value" : "2592-MainThread"
  }, {
    "name" : "framework",
    "value" : "pytest"
  }, {
    "name" : "language",
    "value" : "cpython3"
  }, {
    "name" : "package",
    "value" : "02test_Allure2"
  }, {
    "name" : "resultFormat",
    "value" : "allure2"
  } ],
  "parameters" : [ ],
  "links" : [ ],
  "hidden" : false,
  "retry" : false,
  "extra" : {
    "severity" : "normal",
    "retries" : [ ],
    "categories" : [ {
      "name" : "Product defects",
      "matchedStatuses" : [ ],
      "flaky" : false
    } ],
    "tags" : [ ]
  },
  "source" : "31e5cbf82dea82d7.json",
  "parameterValues" : [ ]
}